<?xml version="1.0" encoding="UTF-8"?>
<!-- Generated by org.testng.reporters.JUnitReportReporter -->
<testsuite hostname="PUNITP289549L" name="pkg1.gmalDemo" tests="1" failures="0" timestamp="24 Apr 2020 11:10:28 GMT" time="20.515" errors="0">
  <testcase name="launchBrowser" time="20.515" classname="pkg1.gmalDemo"/>
</testsuite> <!-- pkg1.gmalDemo -->
