<?xml version="1.0" encoding="UTF-8"?>
<!-- Generated by org.testng.reporters.JUnitReportReporter -->
<testsuite hostname="PUNITP289549L" name="pkg1.BaseClass" tests="2" failures="0" timestamp="9 May 2020 14:15:17 GMT" time="14.123" errors="0">
  <testcase name="launchBrowser" time="3.977" classname="pkg1.BaseClass"/>
  <testcase name="openURL" time="10.146" classname="pkg1.BaseClass"/>
</testsuite> <!-- pkg1.BaseClass -->
